<?xml version="1.0" encoding="UTF-8"?>
<!-- Generated by org.testng.reporters.JUnitReportReporter -->
<testsuite hostname="QSP" failures="0" tests="1" name="testng.Testcase3" time="24.711" errors="0" timestamp="2021-11-10T16:39:44 IST" skipped="0">
  <testcase classname="testng.Testcase3" name="tc3" time="24.711"/>
</testsuite> <!-- testng.Testcase3 -->
