<?xml version="1.0" encoding="UTF-8"?>
<!-- Generated by org.testng.reporters.JUnitReportReporter -->
<testsuite hostname="QSP" failures="0" tests="1" name="testng.Testcase1" time="17.820" errors="0" timestamp="2021-11-09T17:48:46 IST" skipped="0">
  <testcase classname="testng.Testcase1" name="tc1" time="17.820"/>
</testsuite> <!-- testng.Testcase1 -->
