<?xml version="1.0" encoding="UTF-8"?>
<!-- Generated by org.testng.reporters.JUnitReportReporter -->
<testsuite hostname="QSP" failures="0" tests="5" name="testng.Test1" time="0.050" errors="0" timestamp="2021-11-09T17:08:20 IST" skipped="1">
  <testcase classname="testng.Test1" name="chats" time="0.007"/>
  <testcase classname="testng.Test1" name="chats" time="0.035"/>
  <testcase classname="testng.Test1" name="chats" time="0.004"/>
  <testcase classname="testng.Test1" name="calls" time="0.004"/>
  <testcase classname="testng.Test1" name="settings">
    <skipped/>
  </testcase> <!-- settings -->
</testsuite> <!-- testng.Test1 -->
