<?xml version="1.0" encoding="UTF-8"?>
<!-- Generated by org.testng.reporters.JUnitReportReporter -->
<testsuite hostname="QSP" failures="0" tests="2" name="testng.Parallel" time="83.154" errors="0" timestamp="2021-11-10T17:15:16 IST" skipped="0">
  <testcase classname="testng.Parallel" name="demo" time="25.563"/>
  <testcase classname="testng.Parallel" name="demo" time="57.591"/>
</testsuite> <!-- testng.Parallel -->
