<?xml version="1.0" encoding="UTF-8"?>
<!-- Generated by org.testng.reporters.JUnitReportReporter -->
<testsuite hostname="QSP" failures="0" tests="1" name="testng.Test0" time="0.038" errors="0" timestamp="2021-11-09T16:38:25 IST" skipped="0">
  <testcase classname="testng.Test0" name="demo" time="0.038"/>
</testsuite> <!-- testng.Test0 -->
