<?xml version="1.0" encoding="UTF-8"?>
<!-- Generated by org.testng.reporters.JUnitReportReporter -->
<testsuite hostname="QSP" failures="0" tests="1" name="testng.Testcase1" time="13.118" errors="0" timestamp="2021-11-10T16:42:15 IST" skipped="0">
  <testcase classname="testng.Testcase1" name="tc1" time="13.118"/>
</testsuite> <!-- testng.Testcase1 -->
